ISim log file
Running: C:\Users\Amarjeet Kumar\Desktop\ut\encoder8x3\encoder8x3_isim_beh.exe -intstyle ise -gui -tclbatch isim.cmd -wdb C:/Users/Amarjeet Kumar/Desktop/ut/encoder8x3/encoder8x3_isim_beh.wdb 
ISim P.20131013 (signature 0x7708f090)
This is a Full version of ISim.
Time resolution is 1 ps
# onerror resume
# wave add /
# run 1000 ns
Simulator is doing circuit initialization process.
Finished circuit initialization process.
# isim force add /encoder8x3/a 00000100 -radix bin
# isim force add /encoder8x3/a 00000100 -radix bin
# run 1.00us
ISim P.20131013 (signature 0x7708f090)
This is a Full version of ISim.
# run 1000 ns
Simulator is doing circuit initialization process.
Finished circuit initialization process.
# isim force add /encoder8x3/a 10000000 -radix bin
# isim force add /encoder8x3/a 10000000 -radix bin
# run 1.00us
